mode: set
bayareen-backend/features/categories/service/usecase.go:14.75,19.2 1 1
bayareen-backend/features/categories/service/usecase.go:21.91,22.49 1 1
bayareen-backend/features/categories/service/usecase.go:26.2,28.16 2 1
bayareen-backend/features/categories/service/usecase.go:32.2,32.18 1 1
bayareen-backend/features/categories/service/usecase.go:22.49,24.3 1 1
bayareen-backend/features/categories/service/usecase.go:28.16,30.3 1 1
bayareen-backend/features/categories/service/usecase.go:35.55,37.2 1 1
bayareen-backend/features/categories/service/usecase.go:39.76,41.21 2 1
bayareen-backend/features/categories/service/usecase.go:44.2,44.21 1 1
bayareen-backend/features/categories/service/usecase.go:47.2,47.20 1 1
bayareen-backend/features/categories/service/usecase.go:50.2,50.23 1 1
bayareen-backend/features/categories/service/usecase.go:54.2,54.45 1 1
bayareen-backend/features/categories/service/usecase.go:41.21,43.3 1 1
bayareen-backend/features/categories/service/usecase.go:44.21,46.3 1 1
bayareen-backend/features/categories/service/usecase.go:47.20,49.3 1 1
bayareen-backend/features/categories/service/usecase.go:50.23,52.3 1 1
bayareen-backend/features/categories/service/usecase.go:57.69,60.16 2 1
bayareen-backend/features/categories/service/usecase.go:64.2,64.18 1 1
bayareen-backend/features/categories/service/usecase.go:60.16,62.3 1 1
bayareen-backend/features/categories/service/usecase.go:67.91,68.49 1 1
bayareen-backend/features/categories/service/usecase.go:79.2,80.16 2 1
bayareen-backend/features/categories/service/usecase.go:84.2,84.18 1 1
bayareen-backend/features/categories/service/usecase.go:68.49,70.3 1 1
bayareen-backend/features/categories/service/usecase.go:80.16,82.3 1 1
bayareen-backend/features/categories/service/usecase.go:87.49,89.2 1 1
